Using pre-set license
Built from '2020.3/staging' branch; Version is '2020.3.4f1 (0abb6314276a) revision 703331'; Using compiler version '192528614'; Build Type 'Release'
OS: 'Windows 10 Pro; OS build 19042.964; Version 2009; 64bit' Language: 'en' Physical Memory: 16323 MB
BatchMode: 1, IsHumanControllingUs: 0, StartBugReporterOnCrash: 0, Is64bit: 1, IsPro: 0

 COMMAND LINE ARGUMENTS:
C:\Program Files\Unity\Hub\Editor\2020.3.4f1\Editor\Unity.exe
-adb2
-batchMode
-noUpm
-name
AssetImportWorker2
-projectPath
D:/Windows/Unity Projects/Car-Game
-logFile
Logs/AssetImportWorker2.log
-srvPort
55607
Successfully changed project path to: D:/Windows/Unity Projects/Car-Game
D:/Windows/Unity Projects/Car-Game
Using Asset Import Pipeline V2.
Refreshing native plugins compatible for Editor in 83.83 ms, found 1 plugins.
Preloading 0 native plugins for Editor in 0.00 ms.
Initialize engine version: 2020.3.4f1 (0abb6314276a)
[Subsystems] Discovering subsystems at path C:/Program Files/Unity/Hub/Editor/2020.3.4f1/Editor/Data/Resources/UnitySubsystems
[Subsystems] Discovering subsystems at path D:/Windows/Unity Projects/Car-Game/Assets
GfxDevice: creating device client; threaded=0
Direct3D:
    Version:  Direct3D 11.0 [level 11.1]
    Renderer: Radeon (TM) RX 470 Graphics (ID=0x67df)
    Vendor:   
    VRAM:     3730 MB
    Driver:   27.20.21003.1028
Initialize mono
Mono path[0] = 'C:/Program Files/Unity/Hub/Editor/2020.3.4f1/Editor/Data/Managed'
Mono path[1] = 'C:/Program Files/Unity/Hub/Editor/2020.3.4f1/Editor/Data/MonoBleedingEdge/lib/mono/unityjit'
Mono config path = 'C:/Program Files/Unity/Hub/Editor/2020.3.4f1/Editor/Data/MonoBleedingEdge/etc'
Using monoOptions --debugger-agent=transport=dt_socket,embedding=1,server=y,suspend=n,address=127.0.0.1:56144
Begin MonoManager ReloadAssembly
Registering precompiled unity dll's ...
Register platform support module: C:/Program Files/Unity/Hub/Editor/2020.3.4f1/Editor/Data/PlaybackEngines/WebGLSupport/UnityEditor.WebGL.Extensions.dll
Register platform support module: C:/Program Files/Unity/Hub/Editor/2020.3.4f1/Editor/Data/PlaybackEngines/WindowsStandaloneSupport/UnityEditor.WindowsStandalone.Extensions.dll
Registered in 0.003163 seconds.
Native extension for WindowsStandalone target not found
Native extension for WebGL target not found
Refreshing native plugins compatible for Editor in 79.35 ms, found 1 plugins.
Preloading 0 native plugins for Editor in 0.00 ms.
Mono: successfully reloaded assembly
- Completed reload, in  3.715 seconds
Platform modules already initialized, skipping
Registering precompiled user dll's ...
Registered in 0.001292 seconds.
Begin MonoManager ReloadAssembly
Native extension for WindowsStandalone target not found
Native extension for WebGL target not found
Refreshing native plugins compatible for Editor in 124.39 ms, found 1 plugins.
Preloading 0 native plugins for Editor in 0.00 ms.
Mono: successfully reloaded assembly
- Completed reload, in  1.836 seconds
Platform modules already initialized, skipping
========================================================================
Worker process is ready to serve import requests
Launched and connected shader compiler UnityShaderCompiler.exe after 0.08 seconds
Refreshing native plugins compatible for Editor in 1.33 ms, found 1 plugins.
Preloading 0 native plugins for Editor in 0.00 ms.
Unloading 2203 Unused Serialized files (Serialized files now loaded: 0)
System memory in use before: 100.6 MB.
System memory in use after: 100.5 MB.

Unloading 24 unused Assets to reduce memory usage. Loaded Objects now: 2646.
Total: 3.983200 ms (FindLiveObjects: 0.642100 ms CreateObjectMapping: 0.391500 ms MarkObjects: 2.661500 ms  DeleteObjects: 0.285900 ms)

========================================================================
Received Import Request.
  path: Assets/Scripts/Tile.cs
  artifactKey: Guid(d76a534393d6c574cb282cd244d75352) Importer(815301076,1909f56bfc062723c751e8b465ee728b)
Start importing Assets/Scripts/Tile.cs using Guid(d76a534393d6c574cb282cd244d75352) Importer(815301076,1909f56bfc062723c751e8b465ee728b)  -> (artifact id: '093e5777906d6934f4f00f7e26b4922b') in 0.045856 seconds
  Import took 0.095184 seconds .

========================================================================
Received Import Request.
  Time since last request: 6406.835134 seconds.
  path: Assets/Scripts/Car.cs
  artifactKey: Guid(d0ff2ab82c769484daae7de94ef19e3d) Importer(815301076,1909f56bfc062723c751e8b465ee728b)
Start importing Assets/Scripts/Car.cs using Guid(d0ff2ab82c769484daae7de94ef19e3d) Importer(815301076,1909f56bfc062723c751e8b465ee728b)  -> (artifact id: 'b4ae10a15cc11edef0b63a9b8e573e99') in 0.012211 seconds
  Import took 0.077301 seconds .

========================================================================
Received Prepare
Registering precompiled user dll's ...
Registered in 0.077919 seconds.
Begin MonoManager ReloadAssembly
Native extension for WindowsStandalone target not found
Native extension for WebGL target not found
Refreshing native plugins compatible for Editor in 1.14 ms, found 1 plugins.
Preloading 0 native plugins for Editor in 0.00 ms.
Mono: successfully reloaded assembly
- Completed reload, in  1.277 seconds
Platform modules already initialized, skipping
Refreshing native plugins compatible for Editor in 1.28 ms, found 1 plugins.
Preloading 0 native plugins for Editor in 0.00 ms.
Unloading 2186 Unused Serialized files (Serialized files now loaded: 0)
System memory in use before: 99.4 MB.
System memory in use after: 99.3 MB.

Unloading 12 unused Assets to reduce memory usage. Loaded Objects now: 2651.
Total: 3.750400 ms (FindLiveObjects: 0.505400 ms CreateObjectMapping: 0.261000 ms MarkObjects: 2.838300 ms  DeleteObjects: 0.143900 ms)

========================================================================
Received Prepare
Registering precompiled user dll's ...
Registered in 0.001133 seconds.
Begin MonoManager ReloadAssembly
Native extension for WindowsStandalone target not found
Native extension for WebGL target not found
Refreshing native plugins compatible for Editor in 0.61 ms, found 1 plugins.
Preloading 0 native plugins for Editor in 0.00 ms.
Mono: successfully reloaded assembly
- Completed reload, in  1.103 seconds
Platform modules already initialized, skipping
Refreshing native plugins compatible for Editor in 0.70 ms, found 1 plugins.
Preloading 0 native plugins for Editor in 0.00 ms.
Unloading 2186 Unused Serialized files (Serialized files now loaded: 0)
System memory in use before: 99.4 MB.
System memory in use after: 99.4 MB.

Unloading 12 unused Assets to reduce memory usage. Loaded Objects now: 2655.
Total: 2.904300 ms (FindLiveObjects: 0.330700 ms CreateObjectMapping: 0.225400 ms MarkObjects: 2.216400 ms  DeleteObjects: 0.130000 ms)

========================================================================
Received Prepare
Registering precompiled user dll's ...
Registered in 0.001021 seconds.
Begin MonoManager ReloadAssembly
Native extension for WindowsStandalone target not found
Native extension for WebGL target not found
Refreshing native plugins compatible for Editor in 0.62 ms, found 1 plugins.
Preloading 0 native plugins for Editor in 0.00 ms.
Mono: successfully reloaded assembly
- Completed reload, in  1.142 seconds
Platform modules already initialized, skipping
Refreshing native plugins compatible for Editor in 0.67 ms, found 1 plugins.
Preloading 0 native plugins for Editor in 0.00 ms.
Unloading 2186 Unused Serialized files (Serialized files now loaded: 0)
System memory in use before: 99.4 MB.
System memory in use after: 99.4 MB.

Unloading 12 unused Assets to reduce memory usage. Loaded Objects now: 2659.
Total: 3.074800 ms (FindLiveObjects: 0.428800 ms CreateObjectMapping: 0.201700 ms MarkObjects: 2.301100 ms  DeleteObjects: 0.142100 ms)

========================================================================
Received Prepare
Registering precompiled user dll's ...
Registered in 0.001129 seconds.
Begin MonoManager ReloadAssembly
Native extension for WindowsStandalone target not found
Native extension for WebGL target not found
Refreshing native plugins compatible for Editor in 0.92 ms, found 1 plugins.
Preloading 0 native plugins for Editor in 0.00 ms.
Mono: successfully reloaded assembly
- Completed reload, in  1.117 seconds
Platform modules already initialized, skipping
Refreshing native plugins compatible for Editor in 0.61 ms, found 1 plugins.
Preloading 0 native plugins for Editor in 0.00 ms.
Unloading 2186 Unused Serialized files (Serialized files now loaded: 0)
System memory in use before: 99.4 MB.
System memory in use after: 99.4 MB.

Unloading 12 unused Assets to reduce memory usage. Loaded Objects now: 2663.
Total: 2.860900 ms (FindLiveObjects: 0.294900 ms CreateObjectMapping: 0.164600 ms MarkObjects: 2.252800 ms  DeleteObjects: 0.147600 ms)

========================================================================
Received Prepare
Registering precompiled user dll's ...
Registered in 0.001339 seconds.
Begin MonoManager ReloadAssembly
Native extension for WindowsStandalone target not found
Native extension for WebGL target not found
Refreshing native plugins compatible for Editor in 1.17 ms, found 1 plugins.
Preloading 0 native plugins for Editor in 0.00 ms.
Mono: successfully reloaded assembly
- Completed reload, in  1.226 seconds
Platform modules already initialized, skipping
Refreshing native plugins compatible for Editor in 1.23 ms, found 1 plugins.
Preloading 0 native plugins for Editor in 0.00 ms.
Unloading 2186 Unused Serialized files (Serialized files now loaded: 0)
System memory in use before: 99.4 MB.
System memory in use after: 99.3 MB.

Unloading 12 unused Assets to reduce memory usage. Loaded Objects now: 2667.
Total: 3.284600 ms (FindLiveObjects: 0.455500 ms CreateObjectMapping: 0.210900 ms MarkObjects: 2.359100 ms  DeleteObjects: 0.258000 ms)

========================================================================
Received Prepare
Registering precompiled user dll's ...
Registered in 0.075504 seconds.
Begin MonoManager ReloadAssembly
Native extension for WindowsStandalone target not found
Native extension for WebGL target not found
Refreshing native plugins compatible for Editor in 0.72 ms, found 1 plugins.
Preloading 0 native plugins for Editor in 0.00 ms.
Mono: successfully reloaded assembly
- Completed reload, in  1.042 seconds
Platform modules already initialized, skipping
Refreshing native plugins compatible for Editor in 0.70 ms, found 1 plugins.
Preloading 0 native plugins for Editor in 0.00 ms.
Unloading 2186 Unused Serialized files (Serialized files now loaded: 0)
System memory in use before: 99.4 MB.
System memory in use after: 99.4 MB.

Unloading 12 unused Assets to reduce memory usage. Loaded Objects now: 2671.
Total: 3.144600 ms (FindLiveObjects: 0.405300 ms CreateObjectMapping: 0.253400 ms MarkObjects: 2.329600 ms  DeleteObjects: 0.155300 ms)

========================================================================
Received Prepare
Registering precompiled user dll's ...
Registered in 0.012258 seconds.
Begin MonoManager ReloadAssembly
Native extension for WindowsStandalone target not found
Native extension for WebGL target not found
Refreshing native plugins compatible for Editor in 1.02 ms, found 1 plugins.
Preloading 0 native plugins for Editor in 0.00 ms.
Mono: successfully reloaded assembly
- Completed reload, in  1.137 seconds
Platform modules already initialized, skipping
Refreshing native plugins compatible for Editor in 0.74 ms, found 1 plugins.
Preloading 0 native plugins for Editor in 0.00 ms.
Unloading 2186 Unused Serialized files (Serialized files now loaded: 0)
System memory in use before: 99.4 MB.
System memory in use after: 99.4 MB.

Unloading 12 unused Assets to reduce memory usage. Loaded Objects now: 2675.
Total: 2.861200 ms (FindLiveObjects: 0.362300 ms CreateObjectMapping: 0.103000 ms MarkObjects: 2.234900 ms  DeleteObjects: 0.158800 ms)

========================================================================
Received Prepare
Registering precompiled user dll's ...
Registered in 0.024528 seconds.
Begin MonoManager ReloadAssembly
Native extension for WindowsStandalone target not found
Native extension for WebGL target not found
Refreshing native plugins compatible for Editor in 0.65 ms, found 1 plugins.
Preloading 0 native plugins for Editor in 0.00 ms.
Mono: successfully reloaded assembly
- Completed reload, in  1.075 seconds
Platform modules already initialized, skipping
Refreshing native plugins compatible for Editor in 0.60 ms, found 1 plugins.
Preloading 0 native plugins for Editor in 0.00 ms.
Unloading 2186 Unused Serialized files (Serialized files now loaded: 0)
System memory in use before: 99.5 MB.
System memory in use after: 99.5 MB.

Unloading 12 unused Assets to reduce memory usage. Loaded Objects now: 2679.
Total: 3.136000 ms (FindLiveObjects: 0.317500 ms CreateObjectMapping: 0.276600 ms MarkObjects: 2.380100 ms  DeleteObjects: 0.151400 ms)

========================================================================
Received Prepare
Registering precompiled user dll's ...
Registered in 0.001100 seconds.
Begin MonoManager ReloadAssembly
Native extension for WindowsStandalone target not found
Native extension for WebGL target not found
Refreshing native plugins compatible for Editor in 0.72 ms, found 1 plugins.
Preloading 0 native plugins for Editor in 0.00 ms.
Mono: successfully reloaded assembly
- Completed reload, in  1.119 seconds
Platform modules already initialized, skipping
Refreshing native plugins compatible for Editor in 0.70 ms, found 1 plugins.
Preloading 0 native plugins for Editor in 0.00 ms.
Unloading 2186 Unused Serialized files (Serialized files now loaded: 0)
System memory in use before: 99.5 MB.
System memory in use after: 99.5 MB.

Unloading 12 unused Assets to reduce memory usage. Loaded Objects now: 2683.
Total: 4.461600 ms (FindLiveObjects: 0.421900 ms CreateObjectMapping: 0.128200 ms MarkObjects: 3.660900 ms  DeleteObjects: 0.247900 ms)

========================================================================
Received Prepare
Registering precompiled user dll's ...
Registered in 0.001101 seconds.
Begin MonoManager ReloadAssembly
Native extension for WindowsStandalone target not found
Native extension for WebGL target not found
Refreshing native plugins compatible for Editor in 0.74 ms, found 1 plugins.
Preloading 0 native plugins for Editor in 0.00 ms.
Mono: successfully reloaded assembly
- Completed reload, in  1.170 seconds
Platform modules already initialized, skipping
Refreshing native plugins compatible for Editor in 0.74 ms, found 1 plugins.
Preloading 0 native plugins for Editor in 0.00 ms.
Unloading 2186 Unused Serialized files (Serialized files now loaded: 0)
System memory in use before: 99.5 MB.
System memory in use after: 99.5 MB.

Unloading 12 unused Assets to reduce memory usage. Loaded Objects now: 2687.
Total: 3.177700 ms (FindLiveObjects: 0.620900 ms CreateObjectMapping: 0.232500 ms MarkObjects: 2.087000 ms  DeleteObjects: 0.235600 ms)

========================================================================
Received Prepare
Registering precompiled user dll's ...
Registered in 0.001301 seconds.
Begin MonoManager ReloadAssembly
Native extension for WindowsStandalone target not found
Native extension for WebGL target not found
Refreshing native plugins compatible for Editor in 0.60 ms, found 1 plugins.
Preloading 0 native plugins for Editor in 0.00 ms.
Mono: successfully reloaded assembly
- Completed reload, in  1.094 seconds
Platform modules already initialized, skipping
Refreshing native plugins compatible for Editor in 0.73 ms, found 1 plugins.
Preloading 0 native plugins for Editor in 0.00 ms.
Unloading 2186 Unused Serialized files (Serialized files now loaded: 0)
System memory in use before: 99.5 MB.
System memory in use after: 99.5 MB.

Unloading 12 unused Assets to reduce memory usage. Loaded Objects now: 2691.
Total: 2.668600 ms (FindLiveObjects: 0.253800 ms CreateObjectMapping: 0.081000 ms MarkObjects: 2.186500 ms  DeleteObjects: 0.145800 ms)

========================================================================
Received Prepare
Registering precompiled user dll's ...
Registered in 0.001523 seconds.
Begin MonoManager ReloadAssembly
Native extension for WindowsStandalone target not found
Native extension for WebGL target not found
Refreshing native plugins compatible for Editor in 1.05 ms, found 1 plugins.
Preloading 0 native plugins for Editor in 0.00 ms.
Mono: successfully reloaded assembly
- Completed reload, in  1.299 seconds
Platform modules already initialized, skipping
Refreshing native plugins compatible for Editor in 1.11 ms, found 1 plugins.
Preloading 0 native plugins for Editor in 0.00 ms.
Unloading 2186 Unused Serialized files (Serialized files now loaded: 0)
System memory in use before: 99.4 MB.
System memory in use after: 99.4 MB.

Unloading 12 unused Assets to reduce memory usage. Loaded Objects now: 2695.
Total: 5.160600 ms (FindLiveObjects: 0.661200 ms CreateObjectMapping: 0.170100 ms MarkObjects: 4.192800 ms  DeleteObjects: 0.134800 ms)

========================================================================
Received Prepare
Registering precompiled user dll's ...
Registered in 0.001266 seconds.
Begin MonoManager ReloadAssembly
Native extension for WindowsStandalone target not found
Native extension for WebGL target not found
Refreshing native plugins compatible for Editor in 1.18 ms, found 1 plugins.
Preloading 0 native plugins for Editor in 0.00 ms.
Mono: successfully reloaded assembly
- Completed reload, in  1.317 seconds
Platform modules already initialized, skipping
Refreshing native plugins compatible for Editor in 0.63 ms, found 1 plugins.
Preloading 0 native plugins for Editor in 0.00 ms.
Unloading 2186 Unused Serialized files (Serialized files now loaded: 0)
System memory in use before: 99.5 MB.
System memory in use after: 99.5 MB.

Unloading 12 unused Assets to reduce memory usage. Loaded Objects now: 2699.
Total: 2.672000 ms (FindLiveObjects: 0.276700 ms CreateObjectMapping: 0.140000 ms MarkObjects: 2.119800 ms  DeleteObjects: 0.134100 ms)

========================================================================
Received Prepare
Registering precompiled user dll's ...
Registered in 0.002222 seconds.
Begin MonoManager ReloadAssembly
Native extension for WindowsStandalone target not found
Native extension for WebGL target not found
Refreshing native plugins compatible for Editor in 0.62 ms, found 1 plugins.
Preloading 0 native plugins for Editor in 0.00 ms.
Mono: successfully reloaded assembly
- Completed reload, in  1.123 seconds
Platform modules already initialized, skipping
Refreshing native plugins compatible for Editor in 0.91 ms, found 1 plugins.
Preloading 0 native plugins for Editor in 0.00 ms.
Unloading 2186 Unused Serialized files (Serialized files now loaded: 0)
System memory in use before: 99.5 MB.
System memory in use after: 99.5 MB.

Unloading 12 unused Assets to reduce memory usage. Loaded Objects now: 2703.
Total: 3.035000 ms (FindLiveObjects: 0.437500 ms CreateObjectMapping: 0.286700 ms MarkObjects: 2.183100 ms  DeleteObjects: 0.126200 ms)

========================================================================
Received Prepare
Registering precompiled user dll's ...
Registered in 0.001162 seconds.
Begin MonoManager ReloadAssembly
Native extension for WindowsStandalone target not found
Native extension for WebGL target not found
Refreshing native plugins compatible for Editor in 0.70 ms, found 1 plugins.
Preloading 0 native plugins for Editor in 0.00 ms.
Mono: successfully reloaded assembly
- Completed reload, in  1.036 seconds
Platform modules already initialized, skipping
Refreshing native plugins compatible for Editor in 0.61 ms, found 1 plugins.
Preloading 0 native plugins for Editor in 0.00 ms.
Unloading 2186 Unused Serialized files (Serialized files now loaded: 0)
System memory in use before: 99.5 MB.
System memory in use after: 99.5 MB.

Unloading 12 unused Assets to reduce memory usage. Loaded Objects now: 2707.
Total: 2.985000 ms (FindLiveObjects: 0.360300 ms CreateObjectMapping: 0.159600 ms MarkObjects: 2.315900 ms  DeleteObjects: 0.146100 ms)

========================================================================
Received Prepare
Registering precompiled user dll's ...
Registered in 0.014085 seconds.
Begin MonoManager ReloadAssembly
Native extension for WindowsStandalone target not found
Native extension for WebGL target not found
Refreshing native plugins compatible for Editor in 0.68 ms, found 1 plugins.
Preloading 0 native plugins for Editor in 0.00 ms.
Mono: successfully reloaded assembly
- Completed reload, in  1.107 seconds
Platform modules already initialized, skipping
Refreshing native plugins compatible for Editor in 0.61 ms, found 1 plugins.
Preloading 0 native plugins for Editor in 0.00 ms.
Unloading 2186 Unused Serialized files (Serialized files now loaded: 0)
System memory in use before: 99.5 MB.
System memory in use after: 99.5 MB.

Unloading 12 unused Assets to reduce memory usage. Loaded Objects now: 2711.
Total: 2.946600 ms (FindLiveObjects: 0.461400 ms CreateObjectMapping: 0.157400 ms MarkObjects: 2.168300 ms  DeleteObjects: 0.148400 ms)

========================================================================
Received Prepare
Registering precompiled user dll's ...
Registered in 0.016223 seconds.
Begin MonoManager ReloadAssembly
Native extension for WindowsStandalone target not found
Native extension for WebGL target not found
Refreshing native plugins compatible for Editor in 0.68 ms, found 1 plugins.
Preloading 0 native plugins for Editor in 0.00 ms.
Mono: successfully reloaded assembly
- Completed reload, in  0.994 seconds
Platform modules already initialized, skipping
Refreshing native plugins compatible for Editor in 1.34 ms, found 1 plugins.
Preloading 0 native plugins for Editor in 0.00 ms.
Unloading 2186 Unused Serialized files (Serialized files now loaded: 0)
System memory in use before: 99.5 MB.
System memory in use after: 99.4 MB.

Unloading 12 unused Assets to reduce memory usage. Loaded Objects now: 2715.
Total: 4.473700 ms (FindLiveObjects: 0.415900 ms CreateObjectMapping: 0.208700 ms MarkObjects: 3.610500 ms  DeleteObjects: 0.234300 ms)

========================================================================
Received Prepare
Registering precompiled user dll's ...
Registered in 0.001116 seconds.
Begin MonoManager ReloadAssembly
Native extension for WindowsStandalone target not found
Native extension for WebGL target not found
Refreshing native plugins compatible for Editor in 0.71 ms, found 1 plugins.
Preloading 0 native plugins for Editor in 0.00 ms.
Mono: successfully reloaded assembly
- Completed reload, in  1.158 seconds
Platform modules already initialized, skipping
Refreshing native plugins compatible for Editor in 0.68 ms, found 1 plugins.
Preloading 0 native plugins for Editor in 0.00 ms.
Unloading 2186 Unused Serialized files (Serialized files now loaded: 0)
System memory in use before: 99.6 MB.
System memory in use after: 99.5 MB.

Unloading 12 unused Assets to reduce memory usage. Loaded Objects now: 2719.
Total: 3.121800 ms (FindLiveObjects: 0.528500 ms CreateObjectMapping: 0.231600 ms MarkObjects: 2.219800 ms  DeleteObjects: 0.140600 ms)

========================================================================
Received Prepare
Registering precompiled user dll's ...
Registered in 0.011571 seconds.
Begin MonoManager ReloadAssembly
Native extension for WindowsStandalone target not found
Native extension for WebGL target not found
Refreshing native plugins compatible for Editor in 0.78 ms, found 1 plugins.
Preloading 0 native plugins for Editor in 0.00 ms.
Mono: successfully reloaded assembly
- Completed reload, in  1.184 seconds
Platform modules already initialized, skipping
Script is not up to date after domain reload: guid(d3512bf6d9a373a4cb1d747d3e0c9e9f) path("Assets/Scripts/EffectData.cs") state(2)
Refreshing native plugins compatible for Editor in 0.70 ms, found 1 plugins.
Preloading 0 native plugins for Editor in 0.00 ms.
Unloading 2186 Unused Serialized files (Serialized files now loaded: 0)
System memory in use before: 99.6 MB.
System memory in use after: 99.7 MB.

Unloading 12 unused Assets to reduce memory usage. Loaded Objects now: 2723.
Total: 3.532800 ms (FindLiveObjects: 0.538700 ms CreateObjectMapping: 0.288300 ms MarkObjects: 2.522200 ms  DeleteObjects: 0.181500 ms)

========================================================================
Received Prepare
Registering precompiled user dll's ...
Registered in 0.001096 seconds.
Begin MonoManager ReloadAssembly
Native extension for WindowsStandalone target not found
Native extension for WebGL target not found
Refreshing native plugins compatible for Editor in 0.60 ms, found 1 plugins.
Preloading 0 native plugins for Editor in 0.00 ms.
Mono: successfully reloaded assembly
- Completed reload, in  1.059 seconds
Platform modules already initialized, skipping
Refreshing native plugins compatible for Editor in 0.80 ms, found 1 plugins.
Preloading 0 native plugins for Editor in 0.00 ms.
Unloading 2187 Unused Serialized files (Serialized files now loaded: 0)
System memory in use before: 99.6 MB.
System memory in use after: 99.7 MB.

Unloading 12 unused Assets to reduce memory usage. Loaded Objects now: 2728.
Total: 2.732200 ms (FindLiveObjects: 0.361600 ms CreateObjectMapping: 0.126400 ms MarkObjects: 2.028700 ms  DeleteObjects: 0.213600 ms)

========================================================================
Received Import Request.
  Time since last request: 16736.945495 seconds.
  path: Assets/Scripts/EffectData.cs
  artifactKey: Guid(d3512bf6d9a373a4cb1d747d3e0c9e9f) Importer(815301076,1909f56bfc062723c751e8b465ee728b)
Start importing Assets/Scripts/EffectData.cs using Guid(d3512bf6d9a373a4cb1d747d3e0c9e9f) Importer(815301076,1909f56bfc062723c751e8b465ee728b)  -> (artifact id: 'd2260aa8cd79d03ac35c0c852c72fe2c') in 0.011956 seconds
  Import took 0.103989 seconds .

========================================================================
Received Import Request.
  Time since last request: 22.496229 seconds.
  path: Assets/Scripts/EffectData.cs
  artifactKey: Guid(d3512bf6d9a373a4cb1d747d3e0c9e9f) Importer(815301076,1909f56bfc062723c751e8b465ee728b)
Start importing Assets/Scripts/EffectData.cs using Guid(d3512bf6d9a373a4cb1d747d3e0c9e9f) Importer(815301076,1909f56bfc062723c751e8b465ee728b)  -> (artifact id: '4328aec5b04c3e3711d131c207099e8b') in 0.011483 seconds
  Import took 0.023492 seconds .

========================================================================
Received Prepare
Registering precompiled user dll's ...
Registered in 0.001184 seconds.
Begin MonoManager ReloadAssembly
Native extension for WindowsStandalone target not found
Native extension for WebGL target not found
Refreshing native plugins compatible for Editor in 0.75 ms, found 1 plugins.
Preloading 0 native plugins for Editor in 0.00 ms.
Mono: successfully reloaded assembly
- Completed reload, in  1.183 seconds
Platform modules already initialized, skipping
Refreshing native plugins compatible for Editor in 0.83 ms, found 1 plugins.
Preloading 0 native plugins for Editor in 0.00 ms.
Unloading 2187 Unused Serialized files (Serialized files now loaded: 0)
System memory in use before: 99.6 MB.
System memory in use after: 99.7 MB.

Unloading 12 unused Assets to reduce memory usage. Loaded Objects now: 2732.
Total: 3.335600 ms (FindLiveObjects: 0.424500 ms CreateObjectMapping: 0.328100 ms MarkObjects: 2.450000 ms  DeleteObjects: 0.131500 ms)

========================================================================
Received Import Request.
  Time since last request: 976.897361 seconds.
  path: Assets/Scripts/EffectData.cs
  artifactKey: Guid(d3512bf6d9a373a4cb1d747d3e0c9e9f) Importer(815301076,1909f56bfc062723c751e8b465ee728b)
Start importing Assets/Scripts/EffectData.cs using Guid(d3512bf6d9a373a4cb1d747d3e0c9e9f) Importer(815301076,1909f56bfc062723c751e8b465ee728b)  -> (artifact id: 'eeaa9006ddc7fea09c561cbc4f8e3f5b') in 0.007685 seconds
  Import took 0.028939 seconds .

========================================================================
Received Import Request.
  Time since last request: 0.067688 seconds.
  path: Assets/Scripts/EffectData.cs
  artifactKey: Guid(d3512bf6d9a373a4cb1d747d3e0c9e9f) Importer(815301076,1909f56bfc062723c751e8b465ee728b)
Start importing Assets/Scripts/EffectData.cs using Guid(d3512bf6d9a373a4cb1d747d3e0c9e9f) Importer(815301076,1909f56bfc062723c751e8b465ee728b)  -> (artifact id: 'eeaa9006ddc7fea09c561cbc4f8e3f5b') in 0.002057 seconds
  Import took 0.008356 seconds .

========================================================================
Received Prepare
Registering precompiled user dll's ...
Registered in 0.001126 seconds.
Begin MonoManager ReloadAssembly
Native extension for WindowsStandalone target not found
Native extension for WebGL target not found
Refreshing native plugins compatible for Editor in 0.71 ms, found 1 plugins.
Preloading 0 native plugins for Editor in 0.00 ms.
Mono: successfully reloaded assembly
- Completed reload, in  1.172 seconds
Platform modules already initialized, skipping
Refreshing native plugins compatible for Editor in 1.14 ms, found 1 plugins.
Preloading 0 native plugins for Editor in 0.00 ms.
Unloading 2187 Unused Serialized files (Serialized files now loaded: 0)
System memory in use before: 99.6 MB.
System memory in use after: 99.7 MB.

Unloading 12 unused Assets to reduce memory usage. Loaded Objects now: 2736.
Total: 3.963900 ms (FindLiveObjects: 0.467500 ms CreateObjectMapping: 0.242100 ms MarkObjects: 3.100000 ms  DeleteObjects: 0.152500 ms)

========================================================================
Received Prepare
Registering precompiled user dll's ...
Registered in 0.015376 seconds.
Begin MonoManager ReloadAssembly
Native extension for WindowsStandalone target not found
Native extension for WebGL target not found
Refreshing native plugins compatible for Editor in 0.72 ms, found 1 plugins.
Preloading 0 native plugins for Editor in 0.00 ms.
Mono: successfully reloaded assembly
- Completed reload, in  1.148 seconds
Platform modules already initialized, skipping
Script is not up to date after domain reload: guid(b2e406ba7fdd5f047add627fb911a50a) path("Assets/Scripts/RadicalCoroutine.cs") state(2)
Refreshing native plugins compatible for Editor in 0.68 ms, found 1 plugins.
Preloading 0 native plugins for Editor in 0.00 ms.
Unloading 2187 Unused Serialized files (Serialized files now loaded: 0)
System memory in use before: 99.7 MB.
System memory in use after: 99.8 MB.

Unloading 12 unused Assets to reduce memory usage. Loaded Objects now: 2740.
Total: 3.347600 ms (FindLiveObjects: 0.497300 ms CreateObjectMapping: 0.359700 ms MarkObjects: 2.361000 ms  DeleteObjects: 0.127600 ms)

========================================================================
Received Prepare
Registering precompiled user dll's ...
Registered in 0.001164 seconds.
Begin MonoManager ReloadAssembly
Native extension for WindowsStandalone target not found
Native extension for WebGL target not found
Refreshing native plugins compatible for Editor in 1.11 ms, found 1 plugins.
Preloading 0 native plugins for Editor in 0.00 ms.
Mono: successfully reloaded assembly
- Completed reload, in  1.187 seconds
Platform modules already initialized, skipping
Refreshing native plugins compatible for Editor in 0.60 ms, found 1 plugins.
Preloading 0 native plugins for Editor in 0.00 ms.
Unloading 2188 Unused Serialized files (Serialized files now loaded: 0)
System memory in use before: 99.8 MB.
System memory in use after: 99.8 MB.

Unloading 12 unused Assets to reduce memory usage. Loaded Objects now: 2745.
Total: 3.171900 ms (FindLiveObjects: 0.628100 ms CreateObjectMapping: 0.221700 ms MarkObjects: 2.173600 ms  DeleteObjects: 0.147300 ms)

========================================================================
Received Import Request.
  Time since last request: 796.108157 seconds.
  path: Assets/Scripts/RadicalCoroutine.cs
  artifactKey: Guid(b2e406ba7fdd5f047add627fb911a50a) Importer(815301076,1909f56bfc062723c751e8b465ee728b)
Start importing Assets/Scripts/RadicalCoroutine.cs using Guid(b2e406ba7fdd5f047add627fb911a50a) Importer(815301076,1909f56bfc062723c751e8b465ee728b)  -> (artifact id: 'e2a1a365025c5cef12c314d8f45e9ba8') in 0.009864 seconds
  Import took 0.033372 seconds .

========================================================================
Received Import Request.
  Time since last request: 87.061395 seconds.
  path: Assets/Scripts/RadicalCoroutine.cs
  artifactKey: Guid(b2e406ba7fdd5f047add627fb911a50a) Importer(815301076,1909f56bfc062723c751e8b465ee728b)
Start importing Assets/Scripts/RadicalCoroutine.cs using Guid(b2e406ba7fdd5f047add627fb911a50a) Importer(815301076,1909f56bfc062723c751e8b465ee728b)  -> (artifact id: '1a0af47d519bb793bad8d6ba2fec802a') in 0.008030 seconds
  Import took 0.082580 seconds .

========================================================================
Received Import Request.
  Time since last request: 0.115206 seconds.
  path: Assets/Scripts/RadicalCoroutine.cs
  artifactKey: Guid(b2e406ba7fdd5f047add627fb911a50a) Importer(815301076,1909f56bfc062723c751e8b465ee728b)
Start importing Assets/Scripts/RadicalCoroutine.cs using Guid(b2e406ba7fdd5f047add627fb911a50a) Importer(815301076,1909f56bfc062723c751e8b465ee728b)  -> (artifact id: '1a0af47d519bb793bad8d6ba2fec802a') in 0.002230 seconds
  Import took 0.008525 seconds .

========================================================================
Received Prepare
Registering precompiled user dll's ...
Registered in 0.015516 seconds.
Begin MonoManager ReloadAssembly
Native extension for WindowsStandalone target not found
Native extension for WebGL target not found
Refreshing native plugins compatible for Editor in 0.77 ms, found 1 plugins.
Preloading 0 native plugins for Editor in 0.00 ms.
Mono: successfully reloaded assembly
- Completed reload, in  1.151 seconds
Platform modules already initialized, skipping
Refreshing native plugins compatible for Editor in 0.70 ms, found 1 plugins.
Preloading 0 native plugins for Editor in 0.00 ms.
Unloading 2187 Unused Serialized files (Serialized files now loaded: 0)
System memory in use before: 99.7 MB.
System memory in use after: 99.8 MB.

Unloading 13 unused Assets to reduce memory usage. Loaded Objects now: 2748.
Total: 3.234400 ms (FindLiveObjects: 0.479700 ms CreateObjectMapping: 0.188000 ms MarkObjects: 2.438900 ms  DeleteObjects: 0.126700 ms)

========================================================================
Received Prepare
Registering precompiled user dll's ...
Registered in 0.087840 seconds.
Begin MonoManager ReloadAssembly
Native extension for WindowsStandalone target not found
Native extension for WebGL target not found
Refreshing native plugins compatible for Editor in 0.61 ms, found 1 plugins.
Preloading 0 native plugins for Editor in 0.00 ms.
Mono: successfully reloaded assembly
- Completed reload, in  1.050 seconds
Platform modules already initialized, skipping
Refreshing native plugins compatible for Editor in 0.79 ms, found 1 plugins.
Preloading 0 native plugins for Editor in 0.00 ms.
Unloading 2187 Unused Serialized files (Serialized files now loaded: 0)
System memory in use before: 99.8 MB.
System memory in use after: 99.8 MB.

Unloading 12 unused Assets to reduce memory usage. Loaded Objects now: 2752.
Total: 3.404100 ms (FindLiveObjects: 0.624000 ms CreateObjectMapping: 0.242100 ms MarkObjects: 2.393500 ms  DeleteObjects: 0.142900 ms)

========================================================================
Received Prepare
Registering precompiled user dll's ...
Registered in 0.001910 seconds.
Begin MonoManager ReloadAssembly
Native extension for WindowsStandalone target not found
Native extension for WebGL target not found
Refreshing native plugins compatible for Editor in 0.62 ms, found 1 plugins.
Preloading 0 native plugins for Editor in 0.00 ms.
Mono: successfully reloaded assembly
- Completed reload, in  1.094 seconds
Platform modules already initialized, skipping
Refreshing native plugins compatible for Editor in 0.62 ms, found 1 plugins.
Preloading 0 native plugins for Editor in 0.00 ms.
Unloading 2187 Unused Serialized files (Serialized files now loaded: 0)
System memory in use before: 99.7 MB.
System memory in use after: 99.7 MB.

Unloading 12 unused Assets to reduce memory usage. Loaded Objects now: 2756.
Total: 3.854400 ms (FindLiveObjects: 0.685600 ms CreateObjectMapping: 0.367100 ms MarkObjects: 2.592500 ms  DeleteObjects: 0.207200 ms)

========================================================================
Received Prepare
Registering precompiled user dll's ...
Registered in 0.001028 seconds.
Begin MonoManager ReloadAssembly
Native extension for WindowsStandalone target not found
Native extension for WebGL target not found
Refreshing native plugins compatible for Editor in 0.69 ms, found 1 plugins.
Preloading 0 native plugins for Editor in 0.00 ms.
Mono: successfully reloaded assembly
- Completed reload, in  1.176 seconds
Platform modules already initialized, skipping
Refreshing native plugins compatible for Editor in 0.68 ms, found 1 plugins.
Preloading 0 native plugins for Editor in 0.00 ms.
Unloading 2187 Unused Serialized files (Serialized files now loaded: 0)
System memory in use before: 99.7 MB.
System memory in use after: 99.7 MB.

Unloading 12 unused Assets to reduce memory usage. Loaded Objects now: 2760.
Total: 3.613600 ms (FindLiveObjects: 0.654900 ms CreateObjectMapping: 0.315500 ms MarkObjects: 2.492500 ms  DeleteObjects: 0.149400 ms)

========================================================================
Received Prepare
Registering precompiled user dll's ...
Registered in 0.000953 seconds.
Begin MonoManager ReloadAssembly
Native extension for WindowsStandalone target not found
Native extension for WebGL target not found
Refreshing native plugins compatible for Editor in 0.94 ms, found 1 plugins.
Preloading 0 native plugins for Editor in 0.00 ms.
Mono: successfully reloaded assembly
- Completed reload, in  1.063 seconds
Platform modules already initialized, skipping
Refreshing native plugins compatible for Editor in 0.62 ms, found 1 plugins.
Preloading 0 native plugins for Editor in 0.00 ms.
Unloading 2187 Unused Serialized files (Serialized files now loaded: 0)
System memory in use before: 99.7 MB.
System memory in use after: 99.8 MB.

Unloading 12 unused Assets to reduce memory usage. Loaded Objects now: 2764.
Total: 2.907300 ms (FindLiveObjects: 0.346500 ms CreateObjectMapping: 0.195000 ms MarkObjects: 2.218100 ms  DeleteObjects: 0.146700 ms)

========================================================================
Received Prepare
Registering precompiled user dll's ...
Registered in 0.001239 seconds.
Begin MonoManager ReloadAssembly
Native extension for WindowsStandalone target not found
Native extension for WebGL target not found
Refreshing native plugins compatible for Editor in 0.72 ms, found 1 plugins.
Preloading 0 native plugins for Editor in 0.00 ms.
Mono: successfully reloaded assembly
- Completed reload, in  1.162 seconds
Platform modules already initialized, skipping
Refreshing native plugins compatible for Editor in 0.79 ms, found 1 plugins.
Preloading 0 native plugins for Editor in 0.00 ms.
Unloading 2187 Unused Serialized files (Serialized files now loaded: 0)
System memory in use before: 99.7 MB.
System memory in use after: 99.8 MB.

Unloading 12 unused Assets to reduce memory usage. Loaded Objects now: 2768.
Total: 3.412300 ms (FindLiveObjects: 0.462700 ms CreateObjectMapping: 0.330200 ms MarkObjects: 2.473500 ms  DeleteObjects: 0.144300 ms)

========================================================================
Received Prepare
Registering precompiled user dll's ...
Registered in 0.001258 seconds.
Begin MonoManager ReloadAssembly
Native extension for WindowsStandalone target not found
Native extension for WebGL target not found
Refreshing native plugins compatible for Editor in 0.63 ms, found 1 plugins.
Preloading 0 native plugins for Editor in 0.00 ms.
Mono: successfully reloaded assembly
- Completed reload, in  1.307 seconds
Platform modules already initialized, skipping
Refreshing native plugins compatible for Editor in 0.67 ms, found 1 plugins.
Preloading 0 native plugins for Editor in 0.00 ms.
Unloading 2187 Unused Serialized files (Serialized files now loaded: 0)
System memory in use before: 99.7 MB.
System memory in use after: 99.8 MB.

Unloading 12 unused Assets to reduce memory usage. Loaded Objects now: 2772.
Total: 3.311200 ms (FindLiveObjects: 0.460400 ms CreateObjectMapping: 0.202500 ms MarkObjects: 2.487400 ms  DeleteObjects: 0.159900 ms)

========================================================================
Received Prepare
Registering precompiled user dll's ...
Registered in 0.000989 seconds.
Begin MonoManager ReloadAssembly
Native extension for WindowsStandalone target not found
Native extension for WebGL target not found
Refreshing native plugins compatible for Editor in 1.48 ms, found 1 plugins.
Preloading 0 native plugins for Editor in 0.00 ms.
Mono: successfully reloaded assembly
- Completed reload, in  1.221 seconds
Platform modules already initialized, skipping
Refreshing native plugins compatible for Editor in 0.62 ms, found 1 plugins.
Preloading 0 native plugins for Editor in 0.00 ms.
Unloading 2187 Unused Serialized files (Serialized files now loaded: 0)
System memory in use before: 99.7 MB.
System memory in use after: 99.8 MB.

Unloading 12 unused Assets to reduce memory usage. Loaded Objects now: 2776.
Total: 3.282000 ms (FindLiveObjects: 0.507000 ms CreateObjectMapping: 0.275000 ms MarkObjects: 2.335000 ms  DeleteObjects: 0.154300 ms)

========================================================================
Received Prepare
Registering precompiled user dll's ...
Registered in 0.001431 seconds.
Begin MonoManager ReloadAssembly
Native extension for WindowsStandalone target not found
Native extension for WebGL target not found
Refreshing native plugins compatible for Editor in 0.64 ms, found 1 plugins.
Preloading 0 native plugins for Editor in 0.00 ms.
Mono: successfully reloaded assembly
- Completed reload, in  1.115 seconds
Platform modules already initialized, skipping
Refreshing native plugins compatible for Editor in 0.61 ms, found 1 plugins.
Preloading 0 native plugins for Editor in 0.00 ms.
Unloading 2187 Unused Serialized files (Serialized files now loaded: 0)
System memory in use before: 99.9 MB.
System memory in use after: 100.0 MB.

Unloading 12 unused Assets to reduce memory usage. Loaded Objects now: 2780.
Total: 2.764000 ms (FindLiveObjects: 0.448200 ms CreateObjectMapping: 0.125300 ms MarkObjects: 2.048000 ms  DeleteObjects: 0.141400 ms)

========================================================================
Received Prepare
Registering precompiled user dll's ...
Registered in 0.001063 seconds.
Begin MonoManager ReloadAssembly
Native extension for WindowsStandalone target not found
Native extension for WebGL target not found
Refreshing native plugins compatible for Editor in 0.80 ms, found 1 plugins.
Preloading 0 native plugins for Editor in 0.00 ms.
Mono: successfully reloaded assembly
- Completed reload, in  1.166 seconds
Platform modules already initialized, skipping
Refreshing native plugins compatible for Editor in 0.78 ms, found 1 plugins.
Preloading 0 native plugins for Editor in 0.00 ms.
Unloading 2187 Unused Serialized files (Serialized files now loaded: 0)
System memory in use before: 99.9 MB.
System memory in use after: 100.0 MB.

Unloading 12 unused Assets to reduce memory usage. Loaded Objects now: 2784.
Total: 2.595500 ms (FindLiveObjects: 0.306100 ms CreateObjectMapping: 0.091000 ms MarkObjects: 2.049000 ms  DeleteObjects: 0.148300 ms)

========================================================================
Received Prepare
Registering precompiled user dll's ...
Registered in 0.017879 seconds.
Begin MonoManager ReloadAssembly
Native extension for WindowsStandalone target not found
Native extension for WebGL target not found
Refreshing native plugins compatible for Editor in 0.68 ms, found 1 plugins.
Preloading 0 native plugins for Editor in 0.00 ms.
Mono: successfully reloaded assembly
- Completed reload, in  1.037 seconds
Platform modules already initialized, skipping
Refreshing native plugins compatible for Editor in 0.90 ms, found 1 plugins.
Preloading 0 native plugins for Editor in 0.00 ms.
Unloading 2187 Unused Serialized files (Serialized files now loaded: 0)
System memory in use before: 99.9 MB.
System memory in use after: 100.0 MB.

Unloading 12 unused Assets to reduce memory usage. Loaded Objects now: 2788.
Total: 3.550400 ms (FindLiveObjects: 0.511700 ms CreateObjectMapping: 0.315500 ms MarkObjects: 2.538800 ms  DeleteObjects: 0.182600 ms)

========================================================================
Received Prepare
Registering precompiled user dll's ...
Registered in 0.001440 seconds.
Begin MonoManager ReloadAssembly
Native extension for WindowsStandalone target not found
Native extension for WebGL target not found
Refreshing native plugins compatible for Editor in 0.61 ms, found 1 plugins.
Preloading 0 native plugins for Editor in 0.00 ms.
Mono: successfully reloaded assembly
- Completed reload, in  1.041 seconds
Platform modules already initialized, skipping
Refreshing native plugins compatible for Editor in 0.60 ms, found 1 plugins.
Preloading 0 native plugins for Editor in 0.00 ms.
Unloading 2187 Unused Serialized files (Serialized files now loaded: 0)
System memory in use before: 99.9 MB.
System memory in use after: 100.0 MB.

Unloading 12 unused Assets to reduce memory usage. Loaded Objects now: 2792.
Total: 2.839200 ms (FindLiveObjects: 0.367800 ms CreateObjectMapping: 0.186300 ms MarkObjects: 2.151700 ms  DeleteObjects: 0.132200 ms)

========================================================================
Received Prepare
Registering precompiled user dll's ...
Registered in 0.047690 seconds.
Begin MonoManager ReloadAssembly
Native extension for WindowsStandalone target not found
Native extension for WebGL target not found
Refreshing native plugins compatible for Editor in 0.76 ms, found 1 plugins.
Preloading 0 native plugins for Editor in 0.00 ms.
Mono: successfully reloaded assembly
- Completed reload, in  1.136 seconds
Platform modules already initialized, skipping
Refreshing native plugins compatible for Editor in 0.79 ms, found 1 plugins.
Preloading 0 native plugins for Editor in 0.00 ms.
Unloading 2187 Unused Serialized files (Serialized files now loaded: 0)
System memory in use before: 99.8 MB.
System memory in use after: 99.9 MB.

Unloading 12 unused Assets to reduce memory usage. Loaded Objects now: 2796.
Total: 3.724600 ms (FindLiveObjects: 0.539200 ms CreateObjectMapping: 0.256200 ms MarkObjects: 2.740500 ms  DeleteObjects: 0.187300 ms)

========================================================================
Received Prepare
Registering precompiled user dll's ...
Registered in 0.001440 seconds.
Begin MonoManager ReloadAssembly
Native extension for WindowsStandalone target not found
Native extension for WebGL target not found
Refreshing native plugins compatible for Editor in 1.14 ms, found 1 plugins.
Preloading 0 native plugins for Editor in 0.00 ms.
Mono: successfully reloaded assembly
- Completed reload, in  1.205 seconds
Platform modules already initialized, skipping
Refreshing native plugins compatible for Editor in 0.59 ms, found 1 plugins.
Preloading 0 native plugins for Editor in 0.00 ms.
Unloading 2187 Unused Serialized files (Serialized files now loaded: 0)
System memory in use before: 99.9 MB.
System memory in use after: 100.0 MB.

Unloading 12 unused Assets to reduce memory usage. Loaded Objects now: 2800.
Total: 2.913800 ms (FindLiveObjects: 0.456700 ms CreateObjectMapping: 0.284300 ms MarkObjects: 2.023100 ms  DeleteObjects: 0.148700 ms)

========================================================================
Received Prepare
Registering precompiled user dll's ...
Registered in 0.001014 seconds.
Begin MonoManager ReloadAssembly
Native extension for WindowsStandalone target not found
Native extension for WebGL target not found
Refreshing native plugins compatible for Editor in 0.85 ms, found 1 plugins.
Preloading 0 native plugins for Editor in 0.00 ms.
Mono: successfully reloaded assembly
- Completed reload, in  0.933 seconds
Platform modules already initialized, skipping
Refreshing native plugins compatible for Editor in 0.60 ms, found 1 plugins.
Preloading 0 native plugins for Editor in 0.00 ms.
Unloading 2187 Unused Serialized files (Serialized files now loaded: 0)
System memory in use before: 100.0 MB.
System memory in use after: 100.0 MB.

Unloading 12 unused Assets to reduce memory usage. Loaded Objects now: 2804.
Total: 2.765800 ms (FindLiveObjects: 0.366200 ms CreateObjectMapping: 0.182800 ms MarkObjects: 2.064200 ms  DeleteObjects: 0.151400 ms)

========================================================================
Received Prepare
Registering precompiled user dll's ...
Registered in 0.018655 seconds.
Begin MonoManager ReloadAssembly
Native extension for WindowsStandalone target not found
Native extension for WebGL target not found
Refreshing native plugins compatible for Editor in 0.76 ms, found 1 plugins.
Preloading 0 native plugins for Editor in 0.00 ms.
Mono: successfully reloaded assembly
- Completed reload, in  1.139 seconds
Platform modules already initialized, skipping
Refreshing native plugins compatible for Editor in 0.60 ms, found 1 plugins.
Preloading 0 native plugins for Editor in 0.00 ms.
Unloading 2187 Unused Serialized files (Serialized files now loaded: 0)
System memory in use before: 100.0 MB.
System memory in use after: 100.0 MB.

Unloading 12 unused Assets to reduce memory usage. Loaded Objects now: 2808.
Total: 3.036000 ms (FindLiveObjects: 0.416900 ms CreateObjectMapping: 0.326300 ms MarkObjects: 2.072200 ms  DeleteObjects: 0.219300 ms)

========================================================================
Received Prepare
Registering precompiled user dll's ...
Registered in 0.001143 seconds.
Begin MonoManager ReloadAssembly
Native extension for WindowsStandalone target not found
Native extension for WebGL target not found
Refreshing native plugins compatible for Editor in 0.76 ms, found 1 plugins.
Preloading 0 native plugins for Editor in 0.00 ms.
Mono: successfully reloaded assembly
- Completed reload, in  1.278 seconds
Platform modules already initialized, skipping
Refreshing native plugins compatible for Editor in 0.65 ms, found 1 plugins.
Preloading 0 native plugins for Editor in 0.00 ms.
Unloading 2187 Unused Serialized files (Serialized files now loaded: 0)
System memory in use before: 100.0 MB.
System memory in use after: 100.1 MB.

Unloading 12 unused Assets to reduce memory usage. Loaded Objects now: 2812.
Total: 3.474900 ms (FindLiveObjects: 0.394200 ms CreateObjectMapping: 0.276800 ms MarkObjects: 2.652700 ms  DeleteObjects: 0.148900 ms)

========================================================================
Received Prepare
Registering precompiled user dll's ...
Registered in 0.002678 seconds.
Begin MonoManager ReloadAssembly
Native extension for WindowsStandalone target not found
Native extension for WebGL target not found
Refreshing native plugins compatible for Editor in 1.02 ms, found 1 plugins.
Preloading 0 native plugins for Editor in 0.00 ms.
Mono: successfully reloaded assembly
- Completed reload, in  1.145 seconds
Platform modules already initialized, skipping
Refreshing native plugins compatible for Editor in 0.92 ms, found 1 plugins.
Preloading 0 native plugins for Editor in 0.00 ms.
Unloading 2187 Unused Serialized files (Serialized files now loaded: 0)
System memory in use before: 99.9 MB.
System memory in use after: 100.0 MB.

Unloading 12 unused Assets to reduce memory usage. Loaded Objects now: 2816.
Total: 2.915600 ms (FindLiveObjects: 0.333600 ms CreateObjectMapping: 0.200000 ms MarkObjects: 2.139300 ms  DeleteObjects: 0.240600 ms)

========================================================================
Received Prepare
Registering precompiled user dll's ...
Registered in 0.001656 seconds.
Begin MonoManager ReloadAssembly
Native extension for WindowsStandalone target not found
Native extension for WebGL target not found
Refreshing native plugins compatible for Editor in 0.79 ms, found 1 plugins.
Preloading 0 native plugins for Editor in 0.00 ms.
Mono: successfully reloaded assembly
- Completed reload, in  1.114 seconds
Platform modules already initialized, skipping
Refreshing native plugins compatible for Editor in 0.84 ms, found 1 plugins.
Preloading 0 native plugins for Editor in 0.00 ms.
Unloading 2187 Unused Serialized files (Serialized files now loaded: 0)
System memory in use before: 100.0 MB.
System memory in use after: 100.1 MB.

Unloading 12 unused Assets to reduce memory usage. Loaded Objects now: 2820.
Total: 3.244600 ms (FindLiveObjects: 0.413900 ms CreateObjectMapping: 0.214600 ms MarkObjects: 2.432000 ms  DeleteObjects: 0.182500 ms)

========================================================================
Received Prepare
Registering precompiled user dll's ...
Registered in 0.001198 seconds.
Begin MonoManager ReloadAssembly
Native extension for WindowsStandalone target not found
Native extension for WebGL target not found
Refreshing native plugins compatible for Editor in 0.67 ms, found 1 plugins.
Preloading 0 native plugins for Editor in 0.00 ms.
Mono: successfully reloaded assembly
- Completed reload, in  1.356 seconds
Platform modules already initialized, skipping
Refreshing native plugins compatible for Editor in 0.73 ms, found 1 plugins.
Preloading 0 native plugins for Editor in 0.00 ms.
Unloading 2187 Unused Serialized files (Serialized files now loaded: 0)
System memory in use before: 100.0 MB.
System memory in use after: 100.1 MB.

Unloading 12 unused Assets to reduce memory usage. Loaded Objects now: 2824.
Total: 2.867800 ms (FindLiveObjects: 0.397600 ms CreateObjectMapping: 0.208100 ms MarkObjects: 2.124300 ms  DeleteObjects: 0.136100 ms)

========================================================================
Received Prepare
Registering precompiled user dll's ...
Registered in 0.001140 seconds.
Begin MonoManager ReloadAssembly
Native extension for WindowsStandalone target not found
Native extension for WebGL target not found
Refreshing native plugins compatible for Editor in 0.64 ms, found 1 plugins.
Preloading 0 native plugins for Editor in 0.00 ms.
Mono: successfully reloaded assembly
- Completed reload, in  1.156 seconds
Platform modules already initialized, skipping
Refreshing native plugins compatible for Editor in 0.67 ms, found 1 plugins.
Preloading 0 native plugins for Editor in 0.00 ms.
Unloading 2187 Unused Serialized files (Serialized files now loaded: 0)
System memory in use before: 100.0 MB.
System memory in use after: 100.1 MB.

Unloading 12 unused Assets to reduce memory usage. Loaded Objects now: 2828.
Total: 2.911800 ms (FindLiveObjects: 0.369600 ms CreateObjectMapping: 0.186800 ms MarkObjects: 2.146000 ms  DeleteObjects: 0.207700 ms)

========================================================================
Received Prepare
Registering precompiled user dll's ...
Registered in 0.001001 seconds.
Begin MonoManager ReloadAssembly
Native extension for WindowsStandalone target not found
Native extension for WebGL target not found
Refreshing native plugins compatible for Editor in 0.91 ms, found 1 plugins.
Preloading 0 native plugins for Editor in 0.00 ms.
Mono: successfully reloaded assembly
- Completed reload, in  1.165 seconds
Platform modules already initialized, skipping
Refreshing native plugins compatible for Editor in 0.67 ms, found 1 plugins.
Preloading 0 native plugins for Editor in 0.00 ms.
Unloading 2187 Unused Serialized files (Serialized files now loaded: 0)
System memory in use before: 100.0 MB.
System memory in use after: 100.1 MB.

Unloading 12 unused Assets to reduce memory usage. Loaded Objects now: 2832.
Total: 3.582900 ms (FindLiveObjects: 0.446600 ms CreateObjectMapping: 0.200000 ms MarkObjects: 2.754400 ms  DeleteObjects: 0.179800 ms)

========================================================================
Received Prepare
Registering precompiled user dll's ...
Registered in 0.001385 seconds.
Begin MonoManager ReloadAssembly
Native extension for WindowsStandalone target not found
Native extension for WebGL target not found
Refreshing native plugins compatible for Editor in 0.64 ms, found 1 plugins.
Preloading 0 native plugins for Editor in 0.00 ms.
Mono: successfully reloaded assembly
- Completed reload, in  1.171 seconds
Platform modules already initialized, skipping
Refreshing native plugins compatible for Editor in 0.68 ms, found 1 plugins.
Preloading 0 native plugins for Editor in 0.00 ms.
Unloading 2187 Unused Serialized files (Serialized files now loaded: 0)
System memory in use before: 99.9 MB.
System memory in use after: 100.0 MB.

Unloading 12 unused Assets to reduce memory usage. Loaded Objects now: 2836.
Total: 3.006400 ms (FindLiveObjects: 0.352600 ms CreateObjectMapping: 0.191000 ms MarkObjects: 2.245200 ms  DeleteObjects: 0.216100 ms)

========================================================================
Received Prepare
Registering precompiled user dll's ...
Registered in 0.001097 seconds.
Begin MonoManager ReloadAssembly
Native extension for WindowsStandalone target not found
Native extension for WebGL target not found
Refreshing native plugins compatible for Editor in 0.75 ms, found 1 plugins.
Preloading 0 native plugins for Editor in 0.00 ms.
Mono: successfully reloaded assembly
- Completed reload, in  1.154 seconds
Platform modules already initialized, skipping
Refreshing native plugins compatible for Editor in 0.63 ms, found 1 plugins.
Preloading 0 native plugins for Editor in 0.00 ms.
Unloading 2187 Unused Serialized files (Serialized files now loaded: 0)
System memory in use before: 99.9 MB.
System memory in use after: 100.0 MB.

Unloading 12 unused Assets to reduce memory usage. Loaded Objects now: 2840.
Total: 3.101800 ms (FindLiveObjects: 0.407300 ms CreateObjectMapping: 0.252600 ms MarkObjects: 2.290700 ms  DeleteObjects: 0.149900 ms)

========================================================================
Received Prepare
Registering precompiled user dll's ...
Registered in 0.001798 seconds.
Begin MonoManager ReloadAssembly
Native extension for WindowsStandalone target not found
Native extension for WebGL target not found
Refreshing native plugins compatible for Editor in 0.70 ms, found 1 plugins.
Preloading 0 native plugins for Editor in 0.00 ms.
Mono: successfully reloaded assembly
- Completed reload, in  1.198 seconds
Platform modules already initialized, skipping
Refreshing native plugins compatible for Editor in 0.63 ms, found 1 plugins.
Preloading 0 native plugins for Editor in 0.00 ms.
Unloading 2187 Unused Serialized files (Serialized files now loaded: 0)
System memory in use before: 99.9 MB.
System memory in use after: 100.0 MB.

Unloading 12 unused Assets to reduce memory usage. Loaded Objects now: 2844.
Total: 3.745100 ms (FindLiveObjects: 0.556700 ms CreateObjectMapping: 0.299200 ms MarkObjects: 2.734500 ms  DeleteObjects: 0.152600 ms)

========================================================================
Received Prepare
Registering precompiled user dll's ...
Registered in 0.001877 seconds.
Begin MonoManager ReloadAssembly
Native extension for WindowsStandalone target not found
Native extension for WebGL target not found
Refreshing native plugins compatible for Editor in 0.75 ms, found 1 plugins.
Preloading 0 native plugins for Editor in 0.00 ms.
Mono: successfully reloaded assembly
- Completed reload, in  1.224 seconds
Platform modules already initialized, skipping
Refreshing native plugins compatible for Editor in 0.68 ms, found 1 plugins.
Preloading 0 native plugins for Editor in 0.00 ms.
Unloading 2187 Unused Serialized files (Serialized files now loaded: 0)
System memory in use before: 100.0 MB.
System memory in use after: 100.0 MB.

Unloading 12 unused Assets to reduce memory usage. Loaded Objects now: 2848.
Total: 4.115800 ms (FindLiveObjects: 0.467800 ms CreateObjectMapping: 0.265100 ms MarkObjects: 3.162300 ms  DeleteObjects: 0.218600 ms)

========================================================================
Received Prepare
Registering precompiled user dll's ...
Registered in 0.002401 seconds.
Begin MonoManager ReloadAssembly
Native extension for WindowsStandalone target not found
Native extension for WebGL target not found
Refreshing native plugins compatible for Editor in 0.78 ms, found 1 plugins.
Preloading 0 native plugins for Editor in 0.00 ms.
Mono: successfully reloaded assembly
- Completed reload, in  2.129 seconds
Platform modules already initialized, skipping
Refreshing native plugins compatible for Editor in 0.61 ms, found 1 plugins.
Preloading 0 native plugins for Editor in 0.00 ms.
Unloading 2187 Unused Serialized files (Serialized files now loaded: 0)
System memory in use before: 100.0 MB.
System memory in use after: 100.0 MB.

Unloading 12 unused Assets to reduce memory usage. Loaded Objects now: 2852.
Total: 4.880600 ms (FindLiveObjects: 0.677700 ms CreateObjectMapping: 0.334000 ms MarkObjects: 3.626100 ms  DeleteObjects: 0.240400 ms)

========================================================================
Received Prepare
Registering precompiled user dll's ...
Registered in 0.083827 seconds.
Begin MonoManager ReloadAssembly
Native extension for WindowsStandalone target not found
Native extension for WebGL target not found
Refreshing native plugins compatible for Editor in 0.89 ms, found 1 plugins.
Preloading 0 native plugins for Editor in 0.00 ms.
Mono: successfully reloaded assembly
- Completed reload, in  1.516 seconds
Platform modules already initialized, skipping
Refreshing native plugins compatible for Editor in 0.70 ms, found 1 plugins.
Preloading 0 native plugins for Editor in 0.00 ms.
Unloading 2187 Unused Serialized files (Serialized files now loaded: 0)
System memory in use before: 100.0 MB.
System memory in use after: 100.1 MB.

Unloading 12 unused Assets to reduce memory usage. Loaded Objects now: 2856.
Total: 3.439200 ms (FindLiveObjects: 0.372600 ms CreateObjectMapping: 0.192800 ms MarkObjects: 2.736100 ms  DeleteObjects: 0.136100 ms)

========================================================================
Received Prepare
Registering precompiled user dll's ...
Registered in 0.001062 seconds.
Begin MonoManager ReloadAssembly
Native extension for WindowsStandalone target not found
Native extension for WebGL target not found
Refreshing native plugins compatible for Editor in 0.79 ms, found 1 plugins.
Preloading 0 native plugins for Editor in 0.00 ms.
Mono: successfully reloaded assembly
- Completed reload, in  1.164 seconds
Platform modules already initialized, skipping
Refreshing native plugins compatible for Editor in 0.66 ms, found 1 plugins.
Preloading 0 native plugins for Editor in 0.00 ms.
Unloading 2187 Unused Serialized files (Serialized files now loaded: 0)
System memory in use before: 100.0 MB.
System memory in use after: 100.1 MB.

Unloading 12 unused Assets to reduce memory usage. Loaded Objects now: 2860.
Total: 3.016000 ms (FindLiveObjects: 0.374800 ms CreateObjectMapping: 0.207200 ms MarkObjects: 2.286800 ms  DeleteObjects: 0.146100 ms)

========================================================================
Received Prepare
Registering precompiled user dll's ...
Registered in 0.001513 seconds.
Begin MonoManager ReloadAssembly
Native extension for WindowsStandalone target not found
Native extension for WebGL target not found
Refreshing native plugins compatible for Editor in 1.26 ms, found 1 plugins.
Preloading 0 native plugins for Editor in 0.00 ms.
Mono: successfully reloaded assembly
- Completed reload, in  1.245 seconds
Platform modules already initialized, skipping
Refreshing native plugins compatible for Editor in 0.75 ms, found 1 plugins.
Preloading 0 native plugins for Editor in 0.00 ms.
Unloading 2187 Unused Serialized files (Serialized files now loaded: 0)
System memory in use before: 100.1 MB.
System memory in use after: 100.2 MB.

Unloading 12 unused Assets to reduce memory usage. Loaded Objects now: 2864.
Total: 2.904300 ms (FindLiveObjects: 0.453200 ms CreateObjectMapping: 0.193400 ms MarkObjects: 2.127400 ms  DeleteObjects: 0.128800 ms)

========================================================================
Received Prepare
Registering precompiled user dll's ...
Registered in 0.001221 seconds.
Begin MonoManager ReloadAssembly
Native extension for WindowsStandalone target not found
Native extension for WebGL target not found
Refreshing native plugins compatible for Editor in 0.80 ms, found 1 plugins.
Preloading 0 native plugins for Editor in 0.00 ms.
Mono: successfully reloaded assembly
- Completed reload, in  1.190 seconds
Platform modules already initialized, skipping
Refreshing native plugins compatible for Editor in 0.90 ms, found 1 plugins.
Preloading 0 native plugins for Editor in 0.00 ms.
Unloading 2187 Unused Serialized files (Serialized files now loaded: 0)
System memory in use before: 100.1 MB.
System memory in use after: 100.2 MB.

Unloading 12 unused Assets to reduce memory usage. Loaded Objects now: 2868.
Total: 3.942000 ms (FindLiveObjects: 0.710100 ms CreateObjectMapping: 0.346500 ms MarkObjects: 2.728300 ms  DeleteObjects: 0.154900 ms)

========================================================================
Received Prepare
Registering precompiled user dll's ...
Registered in 0.002036 seconds.
Begin MonoManager ReloadAssembly
Native extension for WindowsStandalone target not found
Native extension for WebGL target not found
Refreshing native plugins compatible for Editor in 0.93 ms, found 1 plugins.
Preloading 0 native plugins for Editor in 0.00 ms.
Mono: successfully reloaded assembly
- Completed reload, in  1.177 seconds
Platform modules already initialized, skipping
Refreshing native plugins compatible for Editor in 0.78 ms, found 1 plugins.
Preloading 0 native plugins for Editor in 0.00 ms.
Unloading 2187 Unused Serialized files (Serialized files now loaded: 0)
System memory in use before: 100.1 MB.
System memory in use after: 100.2 MB.

Unloading 12 unused Assets to reduce memory usage. Loaded Objects now: 2872.
Total: 3.913800 ms (FindLiveObjects: 0.478600 ms CreateObjectMapping: 0.291500 ms MarkObjects: 3.005800 ms  DeleteObjects: 0.136200 ms)

========================================================================
Received Prepare
Registering precompiled user dll's ...
Registered in 0.001511 seconds.
Begin MonoManager ReloadAssembly
Native extension for WindowsStandalone target not found
Native extension for WebGL target not found
Refreshing native plugins compatible for Editor in 1.36 ms, found 1 plugins.
Preloading 0 native plugins for Editor in 0.00 ms.
Mono: successfully reloaded assembly
- Completed reload, in  1.189 seconds
Platform modules already initialized, skipping
Refreshing native plugins compatible for Editor in 0.92 ms, found 1 plugins.
Preloading 0 native plugins for Editor in 0.00 ms.
Unloading 2187 Unused Serialized files (Serialized files now loaded: 0)
System memory in use before: 100.1 MB.
System memory in use after: 100.2 MB.

Unloading 12 unused Assets to reduce memory usage. Loaded Objects now: 2876.
Total: 3.542100 ms (FindLiveObjects: 0.699600 ms CreateObjectMapping: 0.364100 ms MarkObjects: 2.324700 ms  DeleteObjects: 0.134300 ms)

========================================================================
Received Prepare
Registering precompiled user dll's ...
Registered in 0.001109 seconds.
Begin MonoManager ReloadAssembly
Native extension for WindowsStandalone target not found
Native extension for WebGL target not found
Refreshing native plugins compatible for Editor in 0.70 ms, found 1 plugins.
Preloading 0 native plugins for Editor in 0.00 ms.
Mono: successfully reloaded assembly
- Completed reload, in  1.249 seconds
Platform modules already initialized, skipping
Refreshing native plugins compatible for Editor in 0.89 ms, found 1 plugins.
Preloading 0 native plugins for Editor in 0.00 ms.
Unloading 2187 Unused Serialized files (Serialized files now loaded: 0)
System memory in use before: 100.0 MB.
System memory in use after: 100.1 MB.

Unloading 12 unused Assets to reduce memory usage. Loaded Objects now: 2880.
Total: 2.827100 ms (FindLiveObjects: 0.390300 ms CreateObjectMapping: 0.187200 ms MarkObjects: 2.107500 ms  DeleteObjects: 0.140800 ms)

========================================================================
Received Prepare
Registering precompiled user dll's ...
Registered in 0.001317 seconds.
Begin MonoManager ReloadAssembly
Native extension for WindowsStandalone target not found
Native extension for WebGL target not found
Refreshing native plugins compatible for Editor in 0.80 ms, found 1 plugins.
Preloading 0 native plugins for Editor in 0.00 ms.
Mono: successfully reloaded assembly
- Completed reload, in  1.154 seconds
Platform modules already initialized, skipping
Refreshing native plugins compatible for Editor in 0.71 ms, found 1 plugins.
Preloading 0 native plugins for Editor in 0.00 ms.
Unloading 2187 Unused Serialized files (Serialized files now loaded: 0)
System memory in use before: 100.0 MB.
System memory in use after: 100.1 MB.

Unloading 12 unused Assets to reduce memory usage. Loaded Objects now: 2884.
Total: 3.534600 ms (FindLiveObjects: 0.480500 ms CreateObjectMapping: 0.320900 ms MarkObjects: 2.590100 ms  DeleteObjects: 0.141600 ms)

========================================================================
Received Prepare
Registering precompiled user dll's ...
Registered in 0.001768 seconds.
Begin MonoManager ReloadAssembly
Native extension for WindowsStandalone target not found
Native extension for WebGL target not found
Refreshing native plugins compatible for Editor in 0.69 ms, found 1 plugins.
Preloading 0 native plugins for Editor in 0.00 ms.
Mono: successfully reloaded assembly
- Completed reload, in  1.156 seconds
Platform modules already initialized, skipping
Refreshing native plugins compatible for Editor in 1.39 ms, found 1 plugins.
Preloading 0 native plugins for Editor in 0.00 ms.
Unloading 2187 Unused Serialized files (Serialized files now loaded: 0)
System memory in use before: 100.0 MB.
System memory in use after: 100.1 MB.

Unloading 12 unused Assets to reduce memory usage. Loaded Objects now: 2888.
Total: 3.079200 ms (FindLiveObjects: 0.413100 ms CreateObjectMapping: 0.289000 ms MarkObjects: 2.243400 ms  DeleteObjects: 0.132200 ms)

========================================================================
Received Prepare
Registering precompiled user dll's ...
Registered in 0.001116 seconds.
Begin MonoManager ReloadAssembly
Native extension for WindowsStandalone target not found
Native extension for WebGL target not found
Refreshing native plugins compatible for Editor in 0.82 ms, found 1 plugins.
Preloading 0 native plugins for Editor in 0.00 ms.
Mono: successfully reloaded assembly
- Completed reload, in  1.174 seconds
Platform modules already initialized, skipping
Refreshing native plugins compatible for Editor in 2.06 ms, found 1 plugins.
Preloading 0 native plugins for Editor in 0.00 ms.
Unloading 2187 Unused Serialized files (Serialized files now loaded: 0)
System memory in use before: 100.0 MB.
System memory in use after: 100.1 MB.

Unloading 12 unused Assets to reduce memory usage. Loaded Objects now: 2892.
Total: 2.807300 ms (FindLiveObjects: 0.399300 ms CreateObjectMapping: 0.205500 ms MarkObjects: 2.077900 ms  DeleteObjects: 0.123300 ms)

========================================================================
Received Prepare
Registering precompiled user dll's ...
Registered in 0.043584 seconds.
Begin MonoManager ReloadAssembly
Native extension for WindowsStandalone target not found
Native extension for WebGL target not found
Refreshing native plugins compatible for Editor in 0.72 ms, found 1 plugins.
Preloading 0 native plugins for Editor in 0.00 ms.
Mono: successfully reloaded assembly
- Completed reload, in  1.108 seconds
Platform modules already initialized, skipping
Refreshing native plugins compatible for Editor in 0.81 ms, found 1 plugins.
Preloading 0 native plugins for Editor in 0.00 ms.
Unloading 2187 Unused Serialized files (Serialized files now loaded: 0)
System memory in use before: 100.1 MB.
System memory in use after: 100.1 MB.

Unloading 12 unused Assets to reduce memory usage. Loaded Objects now: 2896.
Total: 3.903800 ms (FindLiveObjects: 0.491100 ms CreateObjectMapping: 0.250100 ms MarkObjects: 3.022400 ms  DeleteObjects: 0.137900 ms)

========================================================================
Received Import Request.
  Time since last request: 15974.385994 seconds.
  path: Assets/Scripts/Car.cs
  artifactKey: Guid(d0ff2ab82c769484daae7de94ef19e3d) Importer(815301076,1909f56bfc062723c751e8b465ee728b)
Start importing Assets/Scripts/Car.cs using Guid(d0ff2ab82c769484daae7de94ef19e3d) Importer(815301076,1909f56bfc062723c751e8b465ee728b)  -> (artifact id: '7d5f3d4fc09e4dfdb8be81ccdf85b11b') in 0.016270 seconds
  Import took 0.052815 seconds .

========================================================================
Received Import Request.
  Time since last request: 0.002410 seconds.
  path: Assets/Scripts/Car.cs
  artifactKey: Guid(d0ff2ab82c769484daae7de94ef19e3d) Importer(815301076,1909f56bfc062723c751e8b465ee728b)
Start importing Assets/Scripts/Car.cs using Guid(d0ff2ab82c769484daae7de94ef19e3d) Importer(815301076,1909f56bfc062723c751e8b465ee728b)  -> (artifact id: '7d5f3d4fc09e4dfdb8be81ccdf85b11b') in 0.001997 seconds
  Import took 0.017136 seconds .

========================================================================
Received Prepare
Registering precompiled user dll's ...
Registered in 0.001320 seconds.
Begin MonoManager ReloadAssembly
Native extension for WindowsStandalone target not found
Native extension for WebGL target not found
Refreshing native plugins compatible for Editor in 0.66 ms, found 1 plugins.
Preloading 0 native plugins for Editor in 0.00 ms.
Mono: successfully reloaded assembly
- Completed reload, in  1.061 seconds
Platform modules already initialized, skipping
Refreshing native plugins compatible for Editor in 0.70 ms, found 1 plugins.
Preloading 0 native plugins for Editor in 0.00 ms.
Unloading 2187 Unused Serialized files (Serialized files now loaded: 0)
System memory in use before: 100.2 MB.
System memory in use after: 100.2 MB.

Unloading 12 unused Assets to reduce memory usage. Loaded Objects now: 2900.
Total: 3.749700 ms (FindLiveObjects: 0.570500 ms CreateObjectMapping: 0.230100 ms MarkObjects: 2.759500 ms  DeleteObjects: 0.188300 ms)

AssetImportWorkerClient::OnTransportError - code=2 error=End of file
